Traceback (most recent call last):
  File "C:\Users\Edward Morales\miniconda3\envs\ml_venv\lib\site-packages\jupyter_cache\executors\utils.py", line 58, in single_nb_execution
    executenb(
  File "C:\Users\Edward Morales\miniconda3\envs\ml_venv\lib\site-packages\nbclient\client.py", line 1305, in execute
    return NotebookClient(nb=nb, resources=resources, km=km, **kwargs).execute()
  File "C:\Users\Edward Morales\miniconda3\envs\ml_venv\lib\site-packages\jupyter_core\utils\__init__.py", line 166, in wrapped
    return loop.run_until_complete(inner)
  File "C:\Users\Edward Morales\miniconda3\envs\ml_venv\lib\asyncio\base_events.py", line 647, in run_until_complete
    return future.result()
  File "C:\Users\Edward Morales\miniconda3\envs\ml_venv\lib\site-packages\nbclient\client.py", line 705, in async_execute
    await self.async_execute_cell(
  File "C:\Users\Edward Morales\miniconda3\envs\ml_venv\lib\site-packages\nbclient\client.py", line 1058, in async_execute_cell
    await self._check_raise_for_error(cell, cell_index, exec_reply)
  File "C:\Users\Edward Morales\miniconda3\envs\ml_venv\lib\site-packages\nbclient\client.py", line 914, in _check_raise_for_error
    raise CellExecutionError.from_cell_and_msg(cell, exec_reply_content)
nbclient.exceptions.CellExecutionError: An error occurred while executing the following cell:
------------------
# Llamada a la función fit_svm
C = 1  # Puedes ajustar este valor según sea necesario
gamma = 0.01  # Puedes ajustar este valor según sea necesario
result = fit_svm(X_train, y_train, C, gamma)

# Imprimir resultados
print("Resultados del SVM:")
print("Sesgo (bias):", result[1])
print("Número de vectores de soporte:", result[2])
print("Tiempo de ejecución:", result[3], "segundos")
print("Número de iteraciones:", result[4])
------------------


[1;31m---------------------------------------------------------------------------[0m
[1;31mValueError[0m                                Traceback (most recent call last)
Cell [1;32mIn[6], line 4[0m
[0;32m      2[0m C [38;5;241m=[39m [38;5;241m1[39m  [38;5;66;03m# Puedes ajustar este valor según sea necesario[39;00m
[0;32m      3[0m gamma [38;5;241m=[39m [38;5;241m0.01[39m  [38;5;66;03m# Puedes ajustar este valor según sea necesario[39;00m
[1;32m----> 4[0m result [38;5;241m=[39m [43mfit_svm[49m[43m([49m[43mX_train[49m[43m,[49m[43m [49m[43my_train[49m[43m,[49m[43m [49m[43mC[49m[43m,[49m[43m [49m[43mgamma[49m[43m)[49m
[0;32m      6[0m [38;5;66;03m# Imprimir resultados[39;00m
[0;32m      7[0m [38;5;28mprint[39m([38;5;124m"[39m[38;5;124mResultados del SVM:[39m[38;5;124m"[39m)

Cell [1;32mIn[5], line 45[0m, in [0;36mfit_svm[1;34m(X, y, C, gamma, max_iterations, tolerance)[0m
[0;32m     43[0m B [38;5;241m=[39m np[38;5;241m.[39meye(n_samples)
[0;32m     44[0m p [38;5;241m=[39m np[38;5;241m.[39mzeros(n_samples)
[1;32m---> 45[0m W_k [38;5;241m=[39m [i [38;5;28;01mfor[39;00m i [38;5;129;01min[39;00m [38;5;28mrange[39m(n_samples) [38;5;28;01mif[39;00m np[38;5;241m.[39mdot(B[i, :], x_k) [38;5;241m==[39m p[i]]
[0;32m     47[0m x_k_prev [38;5;241m=[39m x_k[38;5;241m.[39mcopy()  [38;5;66;03m# Inicializar x_k_prev[39;00m
[0;32m     49[0m [38;5;66;03m# Iterar hasta la convergencia o alcanzar la tolerancia[39;00m

Cell [1;32mIn[5], line 45[0m, in [0;36m<listcomp>[1;34m(.0)[0m
[0;32m     43[0m B [38;5;241m=[39m np[38;5;241m.[39meye(n_samples)
[0;32m     44[0m p [38;5;241m=[39m np[38;5;241m.[39mzeros(n_samples)
[1;32m---> 45[0m W_k [38;5;241m=[39m [i [38;5;28;01mfor[39;00m i [38;5;129;01min[39;00m [38;5;28mrange[39m(n_samples) [38;5;28;01mif[39;00m [43mnp[49m[38;5;241;43m.[39;49m[43mdot[49m[43m([49m[43mB[49m[43m[[49m[43mi[49m[43m,[49m[43m [49m[43m:[49m[43m][49m[43m,[49m[43m [49m[43mx_k[49m[43m)[49m [38;5;241m==[39m p[i]]
[0;32m     47[0m x_k_prev [38;5;241m=[39m x_k[38;5;241m.[39mcopy()  [38;5;66;03m# Inicializar x_k_prev[39;00m
[0;32m     49[0m [38;5;66;03m# Iterar hasta la convergencia o alcanzar la tolerancia[39;00m

File [1;32m<__array_function__ internals>:180[0m, in [0;36mdot[1;34m(*args, **kwargs)[0m

[1;31mValueError[0m: shapes (80,) and (4,) not aligned: 80 (dim 0) != 4 (dim 0)

